[debug] [2024-02-08T17:37:10.152Z] ----------------------------------------------------------------------
[debug] [2024-02-08T17:37:10.155Z] Command:       C:\Program Files\nodejs\node.exe C:\Users\prahllad\AppData\Roaming\npm\node_modules\firebase-tools\lib\bin\firebase.js init hosting
[debug] [2024-02-08T17:37:10.155Z] CLI Version:   13.2.1
[debug] [2024-02-08T17:37:10.155Z] Platform:      win32
[debug] [2024-02-08T17:37:10.155Z] Node Version:  v18.16.0
[debug] [2024-02-08T17:37:10.156Z] Time:          Thu Feb 08 2024 23:07:10 GMT+0530 (India Standard Time)
[debug] [2024-02-08T17:37:10.157Z] ----------------------------------------------------------------------
[debug] 
[debug] [2024-02-08T17:37:10.237Z] > command requires scopes: ["email","openid","https://www.googleapis.com/auth/cloudplatformprojects.readonly","https://www.googleapis.com/auth/firebase","https://www.googleapis.com/auth/cloud-platform"]
[debug] [2024-02-08T17:37:10.238Z] > authorizing via signed-in user (royprahllad3@gmail.com)
[info] 
     ######## #### ########  ######## ########     ###     ######  ########
     ##        ##  ##     ## ##       ##     ##  ##   ##  ##       ##
     ######    ##  ########  ######   ########  #########  ######  ######
     ##        ##  ##    ##  ##       ##     ## ##     ##       ## ##
     ##       #### ##     ## ######## ########  ##     ##  ######  ########

You're about to initialize a Firebase project in this directory:

  D:\react-project\my-app

Before we get started, keep in mind:

  * You are initializing within an existing Firebase project directory

[info] 
=== Project Setup
[info] 
[info] First, let's associate this project directory with a Firebase project.
[info] You can create multiple project aliases by running firebase use --add, 
[info] but for now we'll just set up a default project.
[info] 
[debug] [2024-02-08T17:37:12.592Z] Using project from CLI flag: high-plating-406617
[debug] [2024-02-08T17:37:12.595Z] >>> [apiv2][query] GET https://firebase.googleapis.com/v1beta1/projects/high-plating-406617 [none]
[debug] [2024-02-08T17:37:13.652Z] <<< [apiv2][status] GET https://firebase.googleapis.com/v1beta1/projects/high-plating-406617 200
[debug] [2024-02-08T17:37:13.652Z] <<< [apiv2][body] GET https://firebase.googleapis.com/v1beta1/projects/high-plating-406617 {"projectId":"high-plating-406617","projectNumber":"456007385206","displayName":"My First Project","name":"projects/high-plating-406617","resources":{"hostingSite":"high-plating-406617"},"state":"ACTIVE","etag":"1_8bdbeae5-794e-4e54-9177-b88b682d27ae"}
[info] i  Using project high-plating-406617 (My First Project) 
[info] 
=== Hosting Setup
[debug] [2024-02-08T17:37:13.659Z] >>> [apiv2][query] GET https://firebase.googleapis.com/v1beta1/projects/high-plating-406617 [none]
[debug] [2024-02-08T17:37:14.558Z] <<< [apiv2][status] GET https://firebase.googleapis.com/v1beta1/projects/high-plating-406617 200
[debug] [2024-02-08T17:37:14.559Z] <<< [apiv2][body] GET https://firebase.googleapis.com/v1beta1/projects/high-plating-406617 {"projectId":"high-plating-406617","projectNumber":"456007385206","displayName":"My First Project","name":"projects/high-plating-406617","resources":{"hostingSite":"high-plating-406617"},"state":"ACTIVE","etag":"1_8bdbeae5-794e-4e54-9177-b88b682d27ae"}
[info] 
[info] Your public directory is the folder (relative to your project directory) that
[info] will contain Hosting assets to be uploaded with firebase deploy. If you
[info] have a build process for your assets, use your build's output directory.
[info] 
[debug] [2024-02-08T17:38:00.504Z] >>> [apiv2][query] GET https://www.gstatic.com/firebasejs/releases.json [none]
[debug] [2024-02-08T17:38:00.738Z] <<< [apiv2][status] GET https://www.gstatic.com/firebasejs/releases.json 200
[debug] [2024-02-08T17:38:00.738Z] <<< [apiv2][body] GET https://www.gstatic.com/firebasejs/releases.json {"current":{"version":"10.8.0","browserURL":"https://www.gstatic.com/firebasejs/10.8.0/firebase.js","packageURL":"https://www.gstatic.com/firebasejs/10.8.0/firebase.tgz"},"live":{"version":"10.8","browserURL":"https://www.gstatic.com/firebasejs/live/10.8/firebase.js","packageURL":"https://www.gstatic.com/firebasejs/live/10.8/firebase.tgz"},"components":{"analytics":"https://www.gstatic.com/firebasejs/10.8.0/firebase-analytics.js","app":"https://www.gstatic.com/firebasejs/10.8.0/firebase-app.js","app-check":"https://www.gstatic.com/firebasejs/10.8.0/firebase-app-check.js","auth":"https://www.gstatic.com/firebasejs/10.8.0/firebase-auth.js","auth/cordova":"https://www.gstatic.com/firebasejs/10.8.0/firebase-auth/cordova.js","auth/web-extension":"https://www.gstatic.com/firebasejs/10.8.0/firebase-auth/web-extension.js","functions":"https://www.gstatic.com/firebasejs/10.8.0/firebase-functions.js","firestore":"https://www.gstatic.com/firebasejs/10.8.0/firebase-firestore.js","firestore/lite":"https://www.gstatic.com/firebasejs/10.8.0/firebase-firestore/lite.js","installations":"https://www.gstatic.com/firebasejs/10.8.0/firebase-installations.js","storage":"https://www.gstatic.com/firebasejs/10.8.0/firebase-storage.js","performance":"https://www.gstatic.com/firebasejs/10.8.0/firebase-performance.js","remote-config":"https://www.gstatic.com/firebasejs/10.8.0/firebase-remote-config.js","messaging":"https://www.gstatic.com/firebasejs/10.8.0/firebase-messaging.js","messaging/sw":"https://www.gstatic.com/firebasejs/10.8.0/firebase-messaging/sw.js","database":"https://www.gstatic.com/firebasejs/10.8.0/firebase-database.js","firestore.memory":"https://www.gstatic.com/firebasejs/10.8.0/firebase-firestore.memory.js"}}
[info] +  Wrote build/index.html 
[info] 
[info] i  Detected a .git folder at D:\react-project\my-app 
[info] i  Authorizing with GitHub to upload your service account to a GitHub repository's secrets store. 
[info] 
[info] Visit this URL on this device to log in:
[info] https://github.com/login/oauth/authorize?client_id=89cf50f02ac6aaed3484&state=131610476&redirect_uri=http%3A%2F%2Flocalhost%3A9005&scope=read%3Auser%20repo%20public_repo
[info] 
[info] Waiting for authentication...
[debug] [2024-02-08T17:38:13.796Z] >>> [apiv2][query] POST https://github.com/login/oauth/access_token [none]
[debug] [2024-02-08T17:38:13.796Z] >>> [apiv2][body] POST https://github.com/login/oauth/access_token [stream]
[debug] [2024-02-08T17:38:14.300Z] <<< [apiv2][status] POST https://github.com/login/oauth/access_token 200
[debug] [2024-02-08T17:38:14.301Z] <<< [apiv2][body] POST https://github.com/login/oauth/access_token {"access_token":"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","token_type":"bearer","scope":"read:user,repo"}
[debug] [2024-02-08T17:38:14.309Z] >>> [apiv2][query] GET https://api.github.com/user [none]
[debug] [2024-02-08T17:38:14.775Z] <<< [apiv2][status] GET https://api.github.com/user 200
[debug] [2024-02-08T17:38:14.775Z] <<< [apiv2][body] GET https://api.github.com/user {"login":"prahllad","id":24870797,"node_id":"MDQ6VXNlcjI0ODcwNzk3","avatar_url":"https://avatars.githubusercontent.com/u/24870797?v=4","gravatar_id":"","url":"https://api.github.com/users/prahllad","html_url":"https://github.com/prahllad","followers_url":"https://api.github.com/users/prahllad/followers","following_url":"https://api.github.com/users/prahllad/following{/other_user}","gists_url":"https://api.github.com/users/prahllad/gists{/gist_id}","starred_url":"https://api.github.com/users/prahllad/starred{/owner}{/repo}","subscriptions_url":"https://api.github.com/users/prahllad/subscriptions","organizations_url":"https://api.github.com/users/prahllad/orgs","repos_url":"https://api.github.com/users/prahllad/repos","events_url":"https://api.github.com/users/prahllad/events{/privacy}","received_events_url":"https://api.github.com/users/prahllad/received_events","type":"User","site_admin":false,"name":"Prahllad ","company":"Outgrow.co","blog":"","location":"India,Delhi","email":"royprahllad3@gmail.com","hireable":null,"bio":"senior software developer","twitter_username":null,"public_repos":26,"public_gists":0,"followers":1,"following":4,"created_at":"2017-01-02T06:06:22Z","updated_at":"2024-02-07T15:48:08Z","private_gists":1,"total_private_repos":2,"owned_private_repos":2,"disk_usage":15918,"collaborators":1,"two_factor_authentication":false,"plan":{"name":"free","space":976562499,"collaborators":0,"private_repos":10000}}
[info] 
[info] +  Success! Logged into GitHub as prahllad 
[info] 
